-------------------------------------------------------------------------------
Test set: com.eder.Estacionamento.EstacionamentoApplicationTests
-------------------------------------------------------------------------------
Tests run: 1, Failures: 0, Errors: 1, Skipped: 0, Time elapsed: 4.47 s <<< FAILURE! - in com.eder.Estacionamento.EstacionamentoApplicationTests
contextLoads  Time elapsed: 0.017 s  <<< ERROR!
java.lang.IllegalStateException: Failed to load ApplicationContext
Caused by: org.springframework.beans.factory.BeanCreationException: 
Error creating bean with name 'estacionamentoApplication': Instantiation of bean failed; nested exception is org.springframework.beans.BeanInstantiationException: Failed to instantiate [com.eder.EstacionamentoApplication$$EnhancerBySpringCGLIB$$191069b2]: Constructor threw exception; nested exception is java.lang.Error: Unresolved compilation problem: 
	The declared package "com.eder.Estacionamento" does not match the expected package "com.eder"

Caused by: org.springframework.beans.BeanInstantiationException: 
Failed to instantiate [com.eder.EstacionamentoApplication$$EnhancerBySpringCGLIB$$191069b2]: Constructor threw exception; nested exception is java.lang.Error: Unresolved compilation problem: 
	The declared package "com.eder.Estacionamento" does not match the expected package "com.eder"

Caused by: java.lang.Error: 
Unresolved compilation problem: 
	The declared package "com.eder.Estacionamento" does not match the expected package "com.eder"


